2021-06-10 22:53:53.995  INFO 55821 --- [restartedMain] c.e.demo.DemoShopOnlineApplication       : Starting DemoShopOnlineApplication using Java 11.0.11 on lsv with PID 55821 (/home/techcare/eclipse-workspace/DemoShopOnline/target/classes started by techcare in /home/techcare/eclipse-workspace/DemoShopOnline)
2021-06-10 22:53:53.997  INFO 55821 --- [restartedMain] c.e.demo.DemoShopOnlineApplication       : No active profile set, falling back to default profiles: default
2021-06-10 22:53:54.108  INFO 55821 --- [restartedMain] .e.DevToolsPropertyDefaultsPostProcessor : Devtools property defaults active! Set 'spring.devtools.add-properties' to 'false' to disable
2021-06-10 22:53:54.110  INFO 55821 --- [restartedMain] .e.DevToolsPropertyDefaultsPostProcessor : For additional web related logging consider setting the 'logging.level.web' property to 'DEBUG'
2021-06-10 22:53:55.000  WARN 55821 --- [background-preinit] o.s.h.c.j.Jackson2ObjectMapperBuilder    : For Jackson Kotlin classes support please add "com.fasterxml.jackson.module:jackson-module-kotlin" to the classpath
2021-06-10 22:53:55.721  INFO 55821 --- [restartedMain] .s.d.r.c.RepositoryConfigurationDelegate : Bootstrapping Spring Data JPA repositories in DEFAULT mode.
2021-06-10 22:53:55.850  INFO 55821 --- [restartedMain] .s.d.r.c.RepositoryConfigurationDelegate : Finished Spring Data repository scanning in 111 ms. Found 3 JPA repository interfaces.
2021-06-10 22:53:56.600  INFO 55821 --- [restartedMain] trationDelegate$BeanPostProcessorChecker : Bean 'org.springframework.ws.config.annotation.DelegatingWsConfiguration' of type [org.springframework.ws.config.annotation.DelegatingWsConfiguration$$EnhancerBySpringCGLIB$$c2d267f6] is not eligible for getting processed by all BeanPostProcessors (for example: not eligible for auto-proxying)
2021-06-10 22:53:56.682  INFO 55821 --- [restartedMain] .w.s.a.s.AnnotationActionEndpointMapping : Supporting [WS-Addressing August 2004, WS-Addressing 1.0]
2021-06-10 22:53:57.048  INFO 55821 --- [restartedMain] o.s.b.w.embedded.tomcat.TomcatWebServer  : Tomcat initialized with port(s): 8081 (http)
2021-06-10 22:53:57.061  INFO 55821 --- [restartedMain] o.apache.catalina.core.StandardService   : Starting service [Tomcat]
2021-06-10 22:53:57.062  INFO 55821 --- [restartedMain] org.apache.catalina.core.StandardEngine  : Starting Servlet engine: [Apache Tomcat/9.0.46]
2021-06-10 22:53:57.064  INFO 55821 --- [restartedMain] o.a.catalina.core.AprLifecycleListener   : Loaded Apache Tomcat Native library [1.2.23] using APR version [1.6.5].
2021-06-10 22:53:57.064  INFO 55821 --- [restartedMain] o.a.catalina.core.AprLifecycleListener   : APR capabilities: IPv6 [true], sendfile [true], accept filters [false], random [true].
2021-06-10 22:53:57.065  INFO 55821 --- [restartedMain] o.a.catalina.core.AprLifecycleListener   : APR/OpenSSL configuration: useAprConnector [false], useOpenSSL [true]
2021-06-10 22:53:57.067  INFO 55821 --- [restartedMain] o.a.catalina.core.AprLifecycleListener   : OpenSSL successfully initialized [OpenSSL 1.1.1f  31 Mar 2020]
2021-06-10 22:53:57.182  INFO 55821 --- [restartedMain] o.a.c.c.C.[Tomcat].[localhost].[/]       : Initializing Spring embedded WebApplicationContext
2021-06-10 22:53:57.183  INFO 55821 --- [restartedMain] w.s.c.ServletWebServerApplicationContext : Root WebApplicationContext: initialization completed in 3072 ms
2021-06-10 22:53:57.300  WARN 55821 --- [restartedMain] JpaBaseConfiguration$JpaWebConfiguration : spring.jpa.open-in-view is enabled by default. Therefore, database queries may be performed during view rendering. Explicitly configure spring.jpa.open-in-view to disable this warning
2021-06-10 22:53:57.751  INFO 55821 --- [restartedMain] com.zaxxer.hikari.HikariDataSource       : HikariPool-1 - Starting...
2021-06-10 22:53:57.981  INFO 55821 --- [restartedMain] com.zaxxer.hikari.HikariDataSource       : HikariPool-1 - Start completed.
2021-06-10 22:53:59.035  INFO 55821 --- [restartedMain] j.LocalContainerEntityManagerFactoryBean : Initialized JPA EntityManagerFactory for persistence unit 'default'
2021-06-10 22:54:00.283  INFO 55821 --- [restartedMain] pertySourcedRequestMappingHandlerMapping : Mapped URL path [/v2/api-docs] onto method [springfox.documentation.swagger2.web.Swagger2Controller#getDocumentation(String, HttpServletRequest)]
2021-06-10 22:54:00.496  INFO 55821 --- [restartedMain] o.s.s.web.DefaultSecurityFilterChain     : Will secure any request with [org.springframework.security.web.context.request.async.WebAsyncManagerIntegrationFilter@4ce560a2, org.springframework.security.web.context.SecurityContextPersistenceFilter@74619b39, org.springframework.security.web.header.HeaderWriterFilter@5f3886b3, org.springframework.web.filter.CorsFilter@3dc21ee9, org.springframework.security.web.csrf.CsrfFilter@5fd5112d, org.springframework.security.web.authentication.logout.LogoutFilter@481050be, com.example.demo.jwt.JwtAuthenticationFilter@bd05b94, org.springframework.security.web.savedrequest.RequestCacheAwareFilter@4730075c, org.springframework.security.web.servletapi.SecurityContextHolderAwareRequestFilter@7704568e, org.springframework.security.web.authentication.AnonymousAuthenticationFilter@13afa11e, org.springframework.security.web.session.SessionManagementFilter@56225292, org.springframework.security.web.access.ExceptionTranslationFilter@3e757057, org.springframework.security.web.access.intercept.FilterSecurityInterceptor@517c19b2]
2021-06-10 22:54:00.668  INFO 55821 --- [restartedMain] o.s.b.d.a.OptionalLiveReloadServer       : LiveReload server is running on port 35729
2021-06-10 22:54:00.786  WARN 55821 --- [restartedMain] ion$DefaultTemplateResolverConfiguration : Cannot find template location: classpath:/templates/ (please add some templates or check your Thymeleaf configuration)
2021-06-10 22:54:01.051  INFO 55821 --- [restartedMain] o.s.b.w.embedded.tomcat.TomcatWebServer  : Tomcat started on port(s): 8081 (http) with context path ''
2021-06-10 22:54:01.053  INFO 55821 --- [restartedMain] d.s.w.p.DocumentationPluginsBootstrapper : Context refreshed
2021-06-10 22:54:01.087  INFO 55821 --- [restartedMain] d.s.w.p.DocumentationPluginsBootstrapper : Found 1 custom documentation plugin(s)
2021-06-10 22:54:01.150  INFO 55821 --- [restartedMain] s.d.s.w.s.ApiListingReferenceScanner     : Scanning for api listing references
2021-06-10 22:54:01.391  INFO 55821 --- [restartedMain] .d.s.w.r.o.CachingOperationNameGenerator : Generating unique operation named: deleteUsingDELETE_1
2021-06-10 22:54:01.453  INFO 55821 --- [restartedMain] .d.s.w.r.o.CachingOperationNameGenerator : Generating unique operation named: deleteUsingDELETE_2
2021-06-10 22:54:01.485  INFO 55821 --- [restartedMain] .d.s.w.r.o.CachingOperationNameGenerator : Generating unique operation named: saveUsingPOST_1
2021-06-10 22:54:01.490  INFO 55821 --- [restartedMain] .d.s.w.r.o.CachingOperationNameGenerator : Generating unique operation named: updateUsingPUT_1
2021-06-10 22:54:01.529  INFO 55821 --- [restartedMain] c.e.demo.DemoShopOnlineApplication       : Started DemoShopOnlineApplication in 8.296 seconds (JVM running for 8.968)
2021-06-10 22:54:01.533  INFO 55821 --- [restartedMain] o.s.b.a.ApplicationAvailabilityBean      : Application availability state LivenessState changed to CORRECT
2021-06-10 22:54:01.537  INFO 55821 --- [restartedMain] o.s.b.a.ApplicationAvailabilityBean      : Application availability state ReadinessState changed to ACCEPTING_TRAFFIC
